2019/10/15 14:12:26 发现目录--> /data/work/upload_new/城市街拍/城市_深圳#市场_女装#月份_2019年8月#日期_2019-08-30#上传_胡蝶
2019/10/15 14:12:26 开始追踪目录状态--> /data/work/upload_new/城市街拍/城市_深圳#市场_女装#月份_2019年8月#日期_2019-08-30#上传_胡蝶
2019/10/15 14:12:26 发现目录--> /data/work/upload_new/名人图片/性别_女士#标题_2019年10月—Brittany Xavier#城市_美国#名人_Brittany Xavier#月份_2019年10月#日期_2019-10-14#上传_张晓銮
2019/10/15 14:12:26 开始追踪目录状态--> /data/work/upload_new/名人图片/性别_女士#标题_2019年10月—Brittany Xavier#城市_美国#名人_Brittany Xavier#月份_2019年10月#日期_2019-10-14#上传_张晓銮
2019/10/15 14:14:28 发现目录--> /data/work/upload_new/城市街拍/城市_深圳#市场_女装#月份_2019年8月#日期_2019-08-30#上传_胡蝶
2019/10/15 14:14:28 开始追踪目录状态--> /data/work/upload_new/城市街拍/城市_深圳#市场_女装#月份_2019年8月#日期_2019-08-30#上传_胡蝶
2019/10/15 14:14:28 发现目录--> /data/work/upload_new/名人图片/性别_女士#标题_2019年10月—Brittany Xavier#城市_美国#名人_Brittany Xavier#月份_2019年10月#日期_2019-10-14#上传_张晓銮
2019/10/15 14:14:28 开始追踪目录状态--> /data/work/upload_new/名人图片/性别_女士#标题_2019年10月—Brittany Xavier#城市_美国#名人_Brittany Xavier#月份_2019年10月#日期_2019-10-14#上传_张晓銮
2019/10/15 14:15:29 正在处理--> /data/work/upload_new/名人图片/性别_女士#标题_2019年10月—Brittany Xavier#城市_美国#名人_Brittany Xavier#月份_2019年10月#日期_2019-10-14#上传_张晓銮/8（Brittany Xavier）.jpg
2019/10/15 14:15:29 正在处理--> /data/work/upload_new/城市街拍/城市_深圳#市场_女装#月份_2019年8月#日期_2019-08-30#上传_胡蝶/19（深圳#2019年8月#女装）.jpg
2019/10/15 14:15:30 正在处理--> /data/work/upload_new/名人图片/性别_女士#标题_2019年10月—Brittany Xavier#城市_美国#名人_Brittany Xavier#月份_2019年10月#日期_2019-10-14#上传_张晓銮/18（Brittany Xavier）.JPG
2019/10/15 14:15:30 正在处理--> /data/work/upload_new/城市街拍/城市_深圳#市场_女装#月份_2019年8月#日期_2019-08-30#上传_胡蝶/9（深圳#2019年8月#女装）.jpg
2019/10/15 14:15:31 正在处理--> /data/work/upload_new/名人图片/性别_女士#标题_2019年10月—Brittany Xavier#城市_美国#名人_Brittany Xavier#月份_2019年10月#日期_2019-10-14#上传_张晓銮/9（Brittany Xavier）.jpg
2019/10/15 14:15:32 正在处理--> /data/work/upload_new/名人图片/性别_女士#标题_2019年10月—Brittany Xavier#城市_美国#名人_Brittany Xavier#月份_2019年10月#日期_2019-10-14#上传_张晓銮/19（Brittany Xavier）.JPG
2019/10/15 14:15:33 正在处理--> /data/work/upload_new/名人图片/性别_女士#标题_2019年10月—Brittany Xavier#城市_美国#名人_Brittany Xavier#月份_2019年10月#日期_2019-10-14#上传_张晓銮/5（Brittany Xavier）.jpg
2019/10/15 14:15:34 正在处理--> /data/work/upload_new/城市街拍/城市_深圳#市场_女装#月份_2019年8月#日期_2019-08-30#上传_胡蝶/12（深圳#2019年8月#女装）.jpg
2019/10/15 14:15:34 正在处理--> /data/work/upload_new/名人图片/性别_女士#标题_2019年10月—Brittany Xavier#城市_美国#名人_Brittany Xavier#月份_2019年10月#日期_2019-10-14#上传_张晓銮/15（Brittany Xavier）.JPG
2019/10/15 14:15:34 正在处理--> /data/work/upload_new/城市街拍/城市_深圳#市场_女装#月份_2019年8月#日期_2019-08-30#上传_胡蝶/2（深圳#2019年8月#女装）.jpg
2019/10/15 14:15:35 正在处理--> /data/work/upload_new/名人图片/性别_女士#标题_2019年10月—Brittany Xavier#城市_美国#名人_Brittany Xavier#月份_2019年10月#日期_2019-10-14#上传_张晓銮/3（Brittany Xavier）.jpg
2019/10/15 14:15:35 正在处理--> /data/work/upload_new/城市街拍/城市_深圳#市场_女装#月份_2019年8月#日期_2019-08-30#上传_胡蝶/22（深圳#2019年8月#女装）.jpg
2019/10/15 14:15:36 正在处理--> /data/work/upload_new/名人图片/性别_女士#标题_2019年10月—Brittany Xavier#城市_美国#名人_Brittany Xavier#月份_2019年10月#日期_2019-10-14#上传_张晓銮/13（Brittany Xavier）.JPG
2019/10/15 14:15:36 正在处理--> /data/work/upload_new/名人图片/性别_女士#标题_2019年10月—Brittany Xavier#城市_美国#名人_Brittany Xavier#月份_2019年10月#日期_2019-10-14#上传_张晓銮/23（Brittany Xavier）.JPG
2019/10/15 14:15:37 正在处理--> /data/work/upload_new/名人图片/性别_女士#标题_2019年10月—Brittany Xavier#城市_美国#名人_Brittany Xavier#月份_2019年10月#日期_2019-10-14#上传_张晓銮/4（Brittany Xavier）.jpg
2019/10/15 14:15:37 正在处理--> /data/work/upload_new/名人图片/性别_女士#标题_2019年10月—Brittany Xavier#城市_美国#名人_Brittany Xavier#月份_2019年10月#日期_2019-10-14#上传_张晓銮/14（Brittany Xavier）.JPG
2019/10/15 14:15:38 正在处理--> /data/work/upload_new/城市街拍/城市_深圳#市场_女装#月份_2019年8月#日期_2019-08-30#上传_胡蝶/26（深圳#2019年8月#女装）.jpg
2019/10/15 14:15:38 正在处理--> /data/work/upload_new/名人图片/性别_女士#标题_2019年10月—Brittany Xavier#城市_美国#名人_Brittany Xavier#月份_2019年10月#日期_2019-10-14#上传_张晓銮/6（Brittany Xavier）.jpg
2019/10/15 14:15:39 正在处理--> /data/work/upload_new/名人图片/性别_女士#标题_2019年10月—Brittany Xavier#城市_美国#名人_Brittany Xavier#月份_2019年10月#日期_2019-10-14#上传_张晓銮/16（Brittany Xavier）.JPG
2019/10/15 14:15:39 正在处理--> /data/work/upload_new/城市街拍/城市_深圳#市场_女装#月份_2019年8月#日期_2019-08-30#上传_胡蝶/6（深圳#2019年8月#女装）.jpg
2019/10/15 14:15:40 正在处理--> /data/work/upload_new/名人图片/性别_女士#标题_2019年10月—Brittany Xavier#城市_美国#名人_Brittany Xavier#月份_2019年10月#日期_2019-10-14#上传_张晓銮/1（Brittany Xavier）.jpg
2019/10/15 14:15:40 正在处理--> /data/work/upload_new/城市街拍/城市_深圳#市场_女装#月份_2019年8月#日期_2019-08-30#上传_胡蝶/16（深圳#2019年8月#女装）.jpg
2019/10/15 14:15:41 正在处理--> /data/work/upload_new/名人图片/性别_女士#标题_2019年10月—Brittany Xavier#城市_美国#名人_Brittany Xavier#月份_2019年10月#日期_2019-10-14#上传_张晓銮/11（Brittany Xavier）.JPG
2019/10/15 14:15:41 正在处理--> /data/work/upload_new/名人图片/性别_女士#标题_2019年10月—Brittany Xavier#城市_美国#名人_Brittany Xavier#月份_2019年10月#日期_2019-10-14#上传_张晓銮/21（Brittany Xavier）.JPG
2019/10/15 14:15:42 正在处理--> /data/work/upload_new/名人图片/性别_女士#标题_2019年10月—Brittany Xavier#城市_美国#名人_Brittany Xavier#月份_2019年10月#日期_2019-10-14#上传_张晓銮/7（Brittany Xavier）.jpg
2019/10/15 14:15:42 正在处理--> /data/work/upload_new/名人图片/性别_女士#标题_2019年10月—Brittany Xavier#城市_美国#名人_Brittany Xavier#月份_2019年10月#日期_2019-10-14#上传_张晓銮/17（Brittany Xavier）.JPG
2019/10/15 14:15:43 正在处理--> /data/work/upload_new/城市街拍/城市_深圳#市场_女装#月份_2019年8月#日期_2019-08-30#上传_胡蝶/8（深圳#2019年8月#女装）.jpg
2019/10/15 14:15:43 正在处理--> /data/work/upload_new/城市街拍/城市_深圳#市场_女装#月份_2019年8月#日期_2019-08-30#上传_胡蝶/18（深圳#2019年8月#女装）.jpg
2019/10/15 14:15:43 正在处理--> /data/work/upload_new/名人图片/性别_女士#标题_2019年10月—Brittany Xavier#城市_美国#名人_Brittany Xavier#月份_2019年10月#日期_2019-10-14#上传_张晓銮/2（Brittany Xavier）.jpg
2019/10/15 14:15:44 正在处理--> /data/work/upload_new/名人图片/性别_女士#标题_2019年10月—Brittany Xavier#城市_美国#名人_Brittany Xavier#月份_2019年10月#日期_2019-10-14#上传_张晓銮/22（Brittany Xavier）.JPG
2019/10/15 14:15:44 正在处理--> /data/work/upload_new/名人图片/性别_女士#标题_2019年10月—Brittany Xavier#城市_美国#名人_Brittany Xavier#月份_2019年10月#日期_2019-10-14#上传_张晓銮/12（Brittany Xavier）.JPG
2019/10/15 14:15:45 正在处理--> /data/work/upload_new/名人图片/性别_女士#标题_2019年10月—Brittany Xavier#城市_美国#名人_Brittany Xavier#月份_2019年10月#日期_2019-10-14#上传_张晓銮/12（Brittany Xavier）.JPG
2019/10/15 14:15:45 正在处理--> /data/work/upload_new/城市街拍/城市_深圳#市场_女装#月份_2019年8月#日期_2019-08-30#上传_胡蝶/3（深圳#2019年8月#女装）.jpg
2019/10/15 14:15:45 正在处理--> /data/work/upload_new/城市街拍/城市_深圳#市场_女装#月份_2019年8月#日期_2019-08-30#上传_胡蝶/13（深圳#2019年8月#女装）.jpg
2019/10/15 14:15:46 正在处理--> /data/work/upload_new/城市街拍/城市_深圳#市场_女装#月份_2019年8月#日期_2019-08-30#上传_胡蝶/23（深圳#2019年8月#女装）.jpg
2019/10/15 14:15:46 正在处理--> /data/work/upload_new/名人图片/性别_女士#标题_2019年10月—Brittany Xavier#城市_美国#名人_Brittany Xavier#月份_2019年10月#日期_2019-10-14#上传_张晓銮/21（Brittany Xavier）.JPG
2019/10/15 14:15:47 正在处理--> /data/work/upload_new/名人图片/性别_女士#标题_2019年10月—Brittany Xavier#城市_美国#名人_Brittany Xavier#月份_2019年10月#日期_2019-10-14#上传_张晓銮/17（Brittany Xavier）.JPG
2019/10/15 14:15:49 正在处理--> /data/work/upload_new/名人图片/性别_女士#标题_2019年10月—Brittany Xavier#城市_美国#名人_Brittany Xavier#月份_2019年10月#日期_2019-10-14#上传_张晓銮/16（Brittany Xavier）.JPG
2019/10/15 14:15:49 正在处理--> /data/work/upload_new/城市街拍/城市_深圳#市场_女装#月份_2019年8月#日期_2019-08-30#上传_胡蝶/14（深圳#2019年8月#女装）.jpg
2019/10/15 14:15:49 正在处理--> /data/work/upload_new/城市街拍/城市_深圳#市场_女装#月份_2019年8月#日期_2019-08-30#上传_胡蝶/24（深圳#2019年8月#女装）.jpg
2019/10/15 14:15:50 正在处理--> /data/work/upload_new/名人图片/性别_女士#标题_2019年10月—Brittany Xavier#城市_美国#名人_Brittany Xavier#月份_2019年10月#日期_2019-10-14#上传_张晓銮/22（Brittany Xavier）.JPG
2019/10/15 14:15:50 正在处理--> /data/work/upload_new/城市街拍/城市_深圳#市场_女装#月份_2019年8月#日期_2019-08-30#上传_胡蝶/4（深圳#2019年8月#女装）.jpg
2019/10/15 14:15:51 正在处理--> /data/work/upload_new/名人图片/性别_女士#标题_2019年10月—Brittany Xavier#城市_美国#名人_Brittany Xavier#月份_2019年10月#日期_2019-10-14#上传_张晓銮/10（Brittany Xavier）.JPG
2019/10/15 14:15:52 正在处理--> /data/work/upload_new/城市街拍/城市_深圳#市场_女装#月份_2019年8月#日期_2019-08-30#上传_胡蝶/27（深圳#2019年8月#女装）.jpg
2019/10/15 14:15:52 正在处理--> /data/work/upload_new/名人图片/性别_女士#标题_2019年10月—Brittany Xavier#城市_美国#名人_Brittany Xavier#月份_2019年10月#日期_2019-10-14#上传_张晓銮/18（Brittany Xavier）.JPG
2019/10/15 14:15:53 正在处理--> /data/work/upload_new/城市街拍/城市_深圳#市场_女装#月份_2019年8月#日期_2019-08-30#上传_胡蝶/7（深圳#2019年8月#女装）.jpg
2019/10/15 14:15:54 正在处理--> /data/work/upload_new/名人图片/性别_女士#标题_2019年10月—Brittany Xavier#城市_美国#名人_Brittany Xavier#月份_2019年10月#日期_2019-10-14#上传_张晓銮/14（Brittany Xavier）.JPG
2019/10/15 14:15:54 正在处理--> /data/work/upload_new/城市街拍/城市_深圳#市场_女装#月份_2019年8月#日期_2019-08-30#上传_胡蝶/17（深圳#2019年8月#女装）.jpg
2019/10/15 14:15:54 正在处理--> /data/work/upload_new/名人图片/性别_女士#标题_2019年10月—Brittany Xavier#城市_美国#名人_Brittany Xavier#月份_2019年10月#日期_2019-10-14#上传_张晓銮/13（Brittany Xavier）.JPG
2019/10/15 14:15:57 正在处理--> /data/work/upload_new/名人图片/性别_女士#标题_2019年10月—Brittany Xavier#城市_美国#名人_Brittany Xavier#月份_2019年10月#日期_2019-10-14#上传_张晓銮/23（Brittany Xavier）.JPG
2019/10/15 14:15:58 正在处理--> /data/work/upload_new/名人图片/性别_女士#标题_2019年10月—Brittany Xavier#城市_美国#名人_Brittany Xavier#月份_2019年10月#日期_2019-10-14#上传_张晓銮/15（Brittany Xavier）.JPG
2019/10/15 14:15:58 正在处理--> /data/work/upload_new/城市街拍/城市_深圳#市场_女装#月份_2019年8月#日期_2019-08-30#上传_胡蝶/25（深圳#2019年8月#女装）.jpg
2019/10/15 14:15:59 正在处理--> /data/work/upload_new/名人图片/性别_女士#标题_2019年10月—Brittany Xavier#城市_美国#名人_Brittany Xavier#月份_2019年10月#日期_2019-10-14#上传_张晓銮/11（Brittany Xavier）.JPG
2019/10/15 14:16:00 正在处理--> /data/work/upload_new/名人图片/性别_女士#标题_2019年10月—Brittany Xavier#城市_美国#名人_Brittany Xavier#月份_2019年10月#日期_2019-10-14#上传_张晓銮/20（Brittany Xavier）.JPG
2019/10/15 14:16:02 正在处理--> /data/work/upload_new/名人图片/性别_女士#标题_2019年10月—Brittany Xavier#城市_美国#名人_Brittany Xavier#月份_2019年10月#日期_2019-10-14#上传_张晓銮/19（Brittany Xavier）.JPG
2019/10/15 14:16:07 正在备份目录--> /data/work/upload_new/名人图片/性别_女士#标题_2019年10月—Brittany Xavier#城市_美国#名人_Brittany Xavier#月份_2019年10月#日期_2019-10-14#上传_张晓銮
2019/10/15 14:16:08 目录处理完成--> /data/work/upload_new/名人图片/性别_女士#标题_2019年10月—Brittany Xavier#城市_美国#名人_Brittany Xavier#月份_2019年10月#日期_2019-10-14#上传_张晓銮
2019/10/15 14:16:09 正在处理--> /data/work/upload_new/城市街拍/城市_深圳#市场_女装#月份_2019年8月#日期_2019-08-30#上传_胡蝶/15（深圳#2019年8月#女装）.jpg
2019/10/15 14:16:11 正在处理--> /data/work/upload_new/城市街拍/城市_深圳#市场_女装#月份_2019年8月#日期_2019-08-30#上传_胡蝶/5（深圳#2019年8月#女装）.jpg
2019/10/15 14:16:14 正在处理--> /data/work/upload_new/城市街拍/城市_深圳#市场_女装#月份_2019年8月#日期_2019-08-30#上传_胡蝶/21（深圳#2019年8月#女装）.jpg
2019/10/15 14:16:14 正在处理--> /data/work/upload_new/城市街拍/城市_深圳#市场_女装#月份_2019年8月#日期_2019-08-30#上传_胡蝶/11（深圳#2019年8月#女装）.jpg
2019/10/15 14:16:15 正在处理--> /data/work/upload_new/城市街拍/城市_深圳#市场_女装#月份_2019年8月#日期_2019-08-30#上传_胡蝶/1（深圳#2019年8月#女装）.jpg
2019/10/15 14:16:18 正在处理--> /data/work/upload_new/城市街拍/城市_深圳#市场_女装#月份_2019年8月#日期_2019-08-30#上传_胡蝶/18（深圳#2019年8月#女装）.jpg
2019/10/15 14:16:19 正在处理--> /data/work/upload_new/城市街拍/城市_深圳#市场_女装#月份_2019年8月#日期_2019-08-30#上传_胡蝶/23（深圳#2019年8月#女装）.jpg
2019/10/15 14:16:21 正在处理--> /data/work/upload_new/城市街拍/城市_深圳#市场_女装#月份_2019年8月#日期_2019-08-30#上传_胡蝶/20（深圳#2019年8月#女装）.jpg
2019/10/15 14:16:23 正在处理--> /data/work/upload_new/城市街拍/城市_深圳#市场_女装#月份_2019年8月#日期_2019-08-30#上传_胡蝶/26（深圳#2019年8月#女装）.jpg
